TpTrace Verbose: 0 : 29876, 1, 2022/03/21, 12:06:29.199, 135918644557, datacollector.dll, Version: 16.11.0
TpTrace Information: 0 : 29876, 1, 2022/03/21, 12:06:29.202, 135918667339, datacollector.dll, DataCollectorMain.Run: Starting data collector run with args: --port,58107,--parentprocessid,36888,--diag,D:\Estudio\Ejercicios\tartaro\.net\HtmlToJson\bin\Debug\net5.0\fine-code-coverage\coverage-tool-output\diagnostics.datacollector.22-03-21_12-06-29_07734_4.log,--tracelevel,4
TpTrace Information: 0 : 29876, 1, 2022/03/21, 12:06:29.203, 135918668380, datacollector.dll, DataCollector: Monitoring parent process with id: '36888'
TpTrace Information: 0 : 29876, 1, 2022/03/21, 12:06:29.209, 135918733491, datacollector.dll, Trying to connect to server on socket : 127.0.0.1:58107 
TpTrace Verbose: 0 : 29876, 1, 2022/03/21, 12:06:29.232, 135918966565, datacollector.dll, SocketCommunicationManager : SetupClientAsync : Attempting to connect to the server.
TpTrace Information: 0 : 29876, 7, 2022/03/21, 12:06:29.239, 135919030756, datacollector.dll, Connected to the server successfully 
TpTrace Information: 0 : 29876, 7, 2022/03/21, 12:06:29.239, 135919031626, datacollector.dll, Using the buffer size of 16384 bytes
TpTrace Information: 0 : 29876, 1, 2022/03/21, 12:06:29.293, 135919574749, datacollector.dll, DataCollector: Start Request Processing.
TpTrace Information: 0 : 29876, 1, 2022/03/21, 12:06:29.296, 135919598538, datacollector.dll, DataCollectionRequestHandler.ProcessRequests : Datacollector received message: (DataCollection.BeforeTestRunStart) -> {
  "SettingsXml": "<RunSettings><RunConfiguration><ResultsDirectory>D:\\Estudio\\Ejercicios\\tartaro\\.net\\HtmlToJson\\bin\\Debug\\net5.0\\fine-code-coverage\\coverage-tool-output</ResultsDirectory><TargetPlatform>X64</TargetPlatform><TargetFrameworkVersion>.NETCoreApp,Version=v5.0</TargetFrameworkVersion><DesignMode>False</DesignMode><CollectSourceInformation>False</CollectSourceInformation><TestAdaptersPaths>C:\\Program Files\\dotnet\\sdk\\5.0.406\\Extensions</TestAdaptersPaths></RunConfiguration><LoggerRunSettings><Loggers><Logger friendlyName=\"blame\" enabled=\"True\" /><Logger friendlyName=\"Console\" uri=\"logger://microsoft/TestPlatform/ConsoleLogger/v1\" assemblyQualifiedName=\"Microsoft.VisualStudio.TestPlatform.CommandLine.Internal.ConsoleLogger, vstest.console, Version=15.0.0.0, Culture=neutral, PublicKeyToken=b03f5f7f11d50a3a\" codeBase=\"C:\\Program Files\\dotnet\\sdk\\5.0.406\\vstest.console.dll\" enabled=\"True\" /></Loggers></LoggerRunSettings><DataCollectionRunSettings><DataCollectors><DataCollector friendlyName=\"blame\" enabled=\"True\"><Configuration><ResultsDirectory>D:\\Estudio\\Ejercicios\\tartaro\\.net\\HtmlToJson\\bin\\Debug\\net5.0\\fine-code-coverage\\coverage-tool-output</ResultsDirectory></Configuration></DataCollector></DataCollectors></DataCollectionRunSettings></RunSettings>",
  "Sources": [
    "D:\\Estudio\\Ejercicios\\tartaro\\.net\\HtmlToJson\\bin\\Debug\\net5.0\\fine-code-coverage\\build-output\\HtmlToJson.dll"
  ],
  "IsTelemetryOptedIn": false
}
TpTrace Verbose: 0 : 29876, 1, 2022/03/21, 12:06:29.322, 135919859134, datacollector.dll, TestPluginCache: Update extensions started. Skip filter = False
TpTrace Verbose: 0 : 29876, 1, 2022/03/21, 12:06:29.322, 135919864655, datacollector.dll, TestPluginCache: Using directories for assembly resolution 'C:\Program Files\dotnet\sdk\5.0.406\Extensions'.
TpTrace Verbose: 0 : 29876, 1, 2022/03/21, 12:06:29.322, 135919865193, datacollector.dll, TestPluginCache: Updated the available extensions to 'C:\Program Files\dotnet\sdk\5.0.406\Extensions\Microsoft.TestPlatform.Extensions.BlameDataCollector.dll,C:\Program Files\dotnet\sdk\5.0.406\Extensions\Microsoft.TestPlatform.Extensions.EventLogCollector.dll'.
TpTrace Verbose: 0 : 29876, 1, 2022/03/21, 12:06:29.326, 135919906241, datacollector.dll, TestPluginCache.DiscoverTestExtensions: finding test extensions in assemblies ends with: Collector.dll TPluginInfo: Microsoft.VisualStudio.TestPlatform.Common.DataCollector.DataCollectorConfig TExtension: Microsoft.VisualStudio.TestPlatform.ObjectModel.DataCollection.DataCollector
TpTrace Verbose: 0 : 29876, 1, 2022/03/21, 12:06:29.327, 135919907874, datacollector.dll, TestPluginCache.GetExtensionPaths: Filtered extension paths: C:\Program Files\dotnet\sdk\5.0.406\Extensions\Microsoft.TestPlatform.Extensions.BlameDataCollector.dll
C:\Program Files\dotnet\sdk\5.0.406\Extensions\Microsoft.TestPlatform.Extensions.EventLogCollector.dll
TpTrace Verbose: 0 : 29876, 1, 2022/03/21, 12:06:29.327, 135919908291, datacollector.dll, TestPluginCache.GetExtensionPaths: Added default extension paths: 
TpTrace Verbose: 0 : 29876, 1, 2022/03/21, 12:06:29.327, 135919908578, datacollector.dll, TestPluginCache.GetExtensionPaths: Added unfilterableExtensionPaths: 
TpTrace Information: 0 : 29876, 1, 2022/03/21, 12:06:29.327, 135919912450, datacollector.dll, AssemblyResolver.ctor: Creating AssemblyResolver with searchDirectories C:\Program Files\dotnet\sdk\5.0.406\Extensions,C:\Program Files\dotnet\sdk\5.0.406
TpTrace Verbose: 0 : 29876, 1, 2022/03/21, 12:06:29.328, 135919923166, datacollector.dll, TestPluginCache.DiscoverTestExtensions: Discovering the extensions using extension path.
TpTrace Verbose: 0 : 29876, 1, 2022/03/21, 12:06:29.328, 135919924180, datacollector.dll, TestPluginCache.GetExtensionPaths: Filtered extension paths: C:\Program Files\dotnet\sdk\5.0.406\Extensions\Microsoft.TestPlatform.Extensions.BlameDataCollector.dll
C:\Program Files\dotnet\sdk\5.0.406\Extensions\Microsoft.TestPlatform.Extensions.EventLogCollector.dll
TpTrace Verbose: 0 : 29876, 1, 2022/03/21, 12:06:29.328, 135919924605, datacollector.dll, TestPluginCache.GetExtensionPaths: Added default extension paths: 
TpTrace Verbose: 0 : 29876, 1, 2022/03/21, 12:06:29.328, 135919924854, datacollector.dll, TestPluginCache.GetExtensionPaths: Added unfilterableExtensionPaths: 
TpTrace Verbose: 0 : 29876, 1, 2022/03/21, 12:06:29.328, 135919925256, datacollector.dll, TestPluginCache.DiscoverTestExtensions: Discovering the extensions using allExtensionPaths: C:\Program Files\dotnet\sdk\5.0.406\Extensions\Microsoft.TestPlatform.Extensions.BlameDataCollector.dll
C:\Program Files\dotnet\sdk\5.0.406\Extensions\Microsoft.TestPlatform.Extensions.EventLogCollector.dll
TpTrace Information: 0 : 29876, 1, 2022/03/21, 12:06:29.328, 135919925996, datacollector.dll, AssemblyResolver.AddSearchDirectories: Adding more searchDirectories C:\Program Files\dotnet\sdk\5.0.406\Extensions,C:\Program Files\dotnet\sdk\5.0.406
TpTrace Information: 0 : 29876, 1, 2022/03/21, 12:06:29.328, 135919926449, datacollector.dll, AssemblyResolver.AddSearchDirectories: Adding more searchDirectories C:\Program Files\dotnet\sdk\5.0.406\Extensions,C:\Program Files\dotnet\sdk\5.0.406
TpTrace Information: 0 : 29876, 1, 2022/03/21, 12:06:29.329, 135919929201, datacollector.dll, AssemblyResolver.OnResolve: Microsoft.TestPlatform.Extensions.BlameDataCollector: Resolving assembly.
TpTrace Information: 0 : 29876, 1, 2022/03/21, 12:06:29.329, 135919929734, datacollector.dll, AssemblyResolver.OnResolve: Microsoft.TestPlatform.Extensions.BlameDataCollector: Searching in: 'C:\Program Files\dotnet\sdk\5.0.406\Extensions'.
TpTrace Information: 0 : 29876, 1, 2022/03/21, 12:06:29.329, 135919935079, datacollector.dll, AssemblyResolver.OnResolve: Microsoft.TestPlatform.Extensions.BlameDataCollector: Loading assembly 'C:\Program Files\dotnet\sdk\5.0.406\Extensions\Microsoft.TestPlatform.Extensions.BlameDataCollector.dll'.
TpTrace Information: 0 : 29876, 1, 2022/03/21, 12:06:29.330, 135919941751, datacollector.dll, AssemblyResolver.OnResolve: Resolved assembly: Microsoft.TestPlatform.Extensions.BlameDataCollector, from path: C:\Program Files\dotnet\sdk\5.0.406\Extensions\Microsoft.TestPlatform.Extensions.BlameDataCollector.dll
TpTrace Error: 0 : 29876, 1, 2022/03/21, 12:06:29.331, 135919950302, datacollector.dll, The type "Microsoft.TestPlatform.Extensions.BlameDataCollector.BlameCollector" defined in "Microsoft.TestPlatform.Extensions.BlameDataCollector.dll" does not have ExtensionUri attribute.
TpTrace Information: 0 : 29876, 1, 2022/03/21, 12:06:29.332, 135919963390, datacollector.dll, AssemblyResolver.OnResolve: Microsoft.TestPlatform.Extensions.EventLogCollector: Resolving assembly.
TpTrace Information: 0 : 29876, 1, 2022/03/21, 12:06:29.332, 135919964965, datacollector.dll, AssemblyResolver.OnResolve: Microsoft.TestPlatform.Extensions.EventLogCollector: Searching in: 'C:\Program Files\dotnet\sdk\5.0.406\Extensions'.
TpTrace Information: 0 : 29876, 1, 2022/03/21, 12:06:29.333, 135919972842, datacollector.dll, AssemblyResolver.OnResolve: Microsoft.TestPlatform.Extensions.EventLogCollector: Loading assembly 'C:\Program Files\dotnet\sdk\5.0.406\Extensions\Microsoft.TestPlatform.Extensions.EventLogCollector.dll'.
TpTrace Information: 0 : 29876, 1, 2022/03/21, 12:06:29.334, 135919978849, datacollector.dll, AssemblyResolver.OnResolve: Resolved assembly: Microsoft.TestPlatform.Extensions.EventLogCollector, from path: C:\Program Files\dotnet\sdk\5.0.406\Extensions\Microsoft.TestPlatform.Extensions.EventLogCollector.dll
TpTrace Error: 0 : 29876, 1, 2022/03/21, 12:06:29.335, 135919997033, datacollector.dll, The type "Microsoft.TestPlatform.Extensions.EventLogCollector.EventLogDataCollector" defined in "Microsoft.TestPlatform.Extensions.EventLogCollector.dll" does not have ExtensionUri attribute.
TpTrace Verbose: 0 : 29876, 1, 2022/03/21, 12:06:29.336, 135919999603, datacollector.dll, TestPluginCache: Discovered the extensions using extension path 'C:\Program Files\dotnet\sdk\5.0.406\Extensions\Microsoft.TestPlatform.Extensions.BlameDataCollector.dll,C:\Program Files\dotnet\sdk\5.0.406\Extensions\Microsoft.TestPlatform.Extensions.EventLogCollector.dll'.
TpTrace Verbose: 0 : 29876, 1, 2022/03/21, 12:06:29.336, 135920000068, datacollector.dll, TestPluginCache: Discoverers are ''.
TpTrace Verbose: 0 : 29876, 1, 2022/03/21, 12:06:29.336, 135920000331, datacollector.dll, TestPluginCache: Executors are ''.
TpTrace Verbose: 0 : 29876, 1, 2022/03/21, 12:06:29.336, 135920000571, datacollector.dll, TestPluginCache: Executors2 are ''.
TpTrace Verbose: 0 : 29876, 1, 2022/03/21, 12:06:29.336, 135920000797, datacollector.dll, TestPluginCache: Setting providers are ''.
TpTrace Verbose: 0 : 29876, 1, 2022/03/21, 12:06:29.336, 135920001024, datacollector.dll, TestPluginCache: Loggers are ''.
TpTrace Information: 0 : 29876, 1, 2022/03/21, 12:06:29.337, 135920009178, datacollector.dll, TestPluginManager.CreateTestExtension: Attempting to load test extension: Microsoft.TestPlatform.Extensions.BlameDataCollector.BlameCollector
TpTrace Error: 0 : 29876, 1, 2022/03/21, 12:06:29.337, 135920012268, datacollector.dll, The type "Microsoft.TestPlatform.Extensions.BlameDataCollector.BlameCollector" defined in "Microsoft.TestPlatform.Extensions.BlameDataCollector.dll" does not have ExtensionUri attribute.
TpTrace Information: 0 : 29876, 1, 2022/03/21, 12:06:29.341, 135920052617, datacollector.dll, Listening on Endpoint : 127.0.0.1:58109
TpTrace Information: 0 : 29876, 1, 2022/03/21, 12:06:29.346, 135920100780, datacollector.dll, DataCollectionRequestHandler.ProcessRequests : DataCollection started.
TpTrace Information: 0 : 29876, 1, 2022/03/21, 12:06:29.361, 135920257428, datacollector.dll, DataCollectionRequestHandler.ProcessRequests : Datacollector received message: (DataCollection.TestHostLaunched) -> {
  "ProcessId": 4352
}
TpTrace Information: 0 : 29876, 5, 2022/03/21, 12:06:29.615, 135922794095, datacollector.dll, Using the buffer size of 16384 bytes
TpTrace Information: 0 : 29876, 5, 2022/03/21, 12:06:29.615, 135922794812, datacollector.dll, Accepted Client request and set the flag
TpTrace Information: 0 : 29876, 7, 2022/03/21, 12:06:30.488, 135931524373, datacollector.dll, DataCollectionTestCaseEventHandler: Test case starting.
TpTrace Information: 0 : 29876, 7, 2022/03/21, 12:06:30.495, 135931588951, datacollector.dll, Blame Collector : Test Case Start
TpTrace Information: 0 : 29876, 7, 2022/03/21, 12:06:30.496, 135931606959, datacollector.dll, DataCollectionTestCaseEventHandler: Test case 'HtmlToJson.UnitTest1.GenerateRealJson - bf7d33d3-214c-83be-f8c3-5b2dcf982c1f' started.
TpTrace Information: 0 : 29876, 7, 2022/03/21, 12:06:30.761, 135934254260, datacollector.dll, DataCollectionTestCaseEventHandler : Test case completing.
TpTrace Information: 0 : 29876, 7, 2022/03/21, 12:06:30.764, 135934279198, datacollector.dll, Blame Collector : Test Case End
TpTrace Information: 0 : 29876, 7, 2022/03/21, 12:06:30.766, 135934306386, datacollector.dll, DataCollectionTestCaseEventHandler: Test case 'HtmlToJson.UnitTest1.GenerateRealJson - bf7d33d3-214c-83be-f8c3-5b2dcf982c1f' completed
TpTrace Information: 0 : 29876, 7, 2022/03/21, 12:06:30.775, 135934392595, datacollector.dll, DataCollectionTestCaseEventHandler: Test case starting.
TpTrace Information: 0 : 29876, 7, 2022/03/21, 12:06:30.775, 135934394822, datacollector.dll, Blame Collector : Test Case Start
TpTrace Information: 0 : 29876, 7, 2022/03/21, 12:06:30.775, 135934396013, datacollector.dll, DataCollectionTestCaseEventHandler: Test case 'HtmlToJson.UnitTest1.GenerateJson_WithComplexHtml_GeneratedJson - 97966945-af54-9545-ebe5-265ed1632c63' started.
TpTrace Information: 0 : 29876, 7, 2022/03/21, 12:06:30.776, 135934400562, datacollector.dll, DataCollectionTestCaseEventHandler : Test case completing.
TpTrace Information: 0 : 29876, 7, 2022/03/21, 12:06:30.776, 135934402340, datacollector.dll, Blame Collector : Test Case End
TpTrace Information: 0 : 29876, 7, 2022/03/21, 12:06:30.776, 135934403600, datacollector.dll, DataCollectionTestCaseEventHandler: Test case 'HtmlToJson.UnitTest1.GenerateJson_WithComplexHtml_GeneratedJson - 97966945-af54-9545-ebe5-265ed1632c63' completed
TpTrace Information: 0 : 29876, 7, 2022/03/21, 12:06:30.777, 135934408172, datacollector.dll, DataCollectionTestCaseEventHandler: Test case starting.
TpTrace Information: 0 : 29876, 7, 2022/03/21, 12:06:30.777, 135934409666, datacollector.dll, Blame Collector : Test Case Start
TpTrace Information: 0 : 29876, 7, 2022/03/21, 12:06:30.777, 135934410624, datacollector.dll, DataCollectionTestCaseEventHandler: Test case 'HtmlToJson.UnitTest1.GenerateJson_WithSimpleHtml_GeneratedJson - c06c28ab-6b5e-3b92-bdaa-e7eaa9795e19' started.
TpTrace Information: 0 : 29876, 7, 2022/03/21, 12:06:30.777, 135934414134, datacollector.dll, DataCollectionTestCaseEventHandler : Test case completing.
TpTrace Information: 0 : 29876, 7, 2022/03/21, 12:06:30.777, 135934415654, datacollector.dll, Blame Collector : Test Case End
TpTrace Information: 0 : 29876, 7, 2022/03/21, 12:06:30.777, 135934416584, datacollector.dll, DataCollectionTestCaseEventHandler: Test case 'HtmlToJson.UnitTest1.GenerateJson_WithSimpleHtml_GeneratedJson - c06c28ab-6b5e-3b92-bdaa-e7eaa9795e19' completed
TpTrace Information: 0 : 29876, 7, 2022/03/21, 12:06:30.778, 135934420722, datacollector.dll, DataCollectionTestCaseEventHandler: Test case starting.
TpTrace Information: 0 : 29876, 7, 2022/03/21, 12:06:30.778, 135934422154, datacollector.dll, Blame Collector : Test Case Start
TpTrace Information: 0 : 29876, 7, 2022/03/21, 12:06:30.779, 135934429038, datacollector.dll, DataCollectionTestCaseEventHandler: Test case 'HtmlToJson.UnitTest1.GenerateJson_WithNonHtml_GeneratedJson - b2dffd0c-5acb-cef3-bb09-aa9ba8276b48' started.
TpTrace Information: 0 : 29876, 7, 2022/03/21, 12:06:30.779, 135934432458, datacollector.dll, DataCollectionTestCaseEventHandler : Test case completing.
TpTrace Information: 0 : 29876, 7, 2022/03/21, 12:06:30.779, 135934434157, datacollector.dll, Blame Collector : Test Case End
TpTrace Information: 0 : 29876, 7, 2022/03/21, 12:06:30.779, 135934435181, datacollector.dll, DataCollectionTestCaseEventHandler: Test case 'HtmlToJson.UnitTest1.GenerateJson_WithNonHtml_GeneratedJson - b2dffd0c-5acb-cef3-bb09-aa9ba8276b48' completed
TpTrace Information: 0 : 29876, 7, 2022/03/21, 12:06:30.786, 135934507062, datacollector.dll, DataCollectionTestCaseEventHandler: Test session ended
TpTrace Information: 0 : 29876, 1, 2022/03/21, 12:06:30.909, 135935734869, datacollector.dll, DataCollectionRequestHandler.ProcessRequests : Datacollector received message: (DataCollection.AfterTestRunEnd) -> false
TpTrace Information: 0 : 29876, 1, 2022/03/21, 12:06:30.910, 135935742239, datacollector.dll, Blame Collector : Session End
TpTrace Information: 0 : 29876, 1, 2022/03/21, 12:06:30.910, 135935743125, datacollector.dll, BlameCollector.CollectDumpAndAbortTesthost: Custom path to dump directory was provided via VSTEST_DUMP_PATH. Skipping attachment upload, the caller is responsible for collecting and uploading the dumps themselves.
TpTrace Information: 0 : 29876, 1, 2022/03/21, 12:06:30.910, 135935745071, datacollector.dll, DataCollectionManager.CleanupPlugins: CleanupPlugins called
TpTrace Verbose: 0 : 29876, 1, 2022/03/21, 12:06:30.910, 135935745749, datacollector.dll, DataCollectionManager.CleanupPlugins: Cleaning up 1 plugins
TpTrace Verbose: 0 : 29876, 1, 2022/03/21, 12:06:30.910, 135935747087, datacollector.dll, dataCollectorInfo.DisposeDataCollector: calling Dispose() on Microsoft.TestPlatform.Extensions.BlameDataCollector.BlameCollector
TpTrace Information: 0 : 29876, 1, 2022/03/21, 12:06:30.911, 135935748053, datacollector.dll, DataCollectionManager.CleanupPlugins: CleanupPlugins finished
TpTrace Information: 0 : 29876, 1, 2022/03/21, 12:06:30.914, 135935779415, datacollector.dll, DataCollectionRequestHandler.ProcessRequests : Session End message received from server. Closing the connection.
TpTrace Information: 0 : 29876, 1, 2022/03/21, 12:06:30.914, 135935781714, datacollector.dll, Closing the connection !
TpTrace Information: 0 : 29876, 1, 2022/03/21, 12:06:30.914, 135935782456, datacollector.dll, DataCollectionRequestHandler.ProcessRequests : DataCollection completed
TpTrace Information: 0 : 29876, 1, 2022/03/21, 12:06:30.914, 135935783028, datacollector.dll, Program.Main: exiting datacollector process.
